  [4;36;1mSQL (0.0ms)[0m   [0;1mSET NAMES 'utf8'[0m
  [4;35;1mSQL (0.0ms)[0m   [0mSET SQL_AUTO_IS_NULL=0[0m
  [4;36;1mSQL (0.0ms)[0m   [0;1mSET NAMES 'utf8'[0m
  [4;35;1mSQL (0.0ms)[0m   [0mSET SQL_AUTO_IS_NULL=0[0m
  [4;36;1mSQL (0.0ms)[0m   [0;1mSHOW TABLES[0m
  [4;35;1mSQL (0.0ms)[0m   [0mSELECT version FROM schema_migrations[0m
Migrating to CreateBackgroundrbQueueTable (20100313030457)
  [4;36;1mSQL (0.0ms)[0m   [0;1mMysql::Error: Table 'bdrb_job_queues' already exists: CREATE TABLE `bdrb_job_queues` (`id` int(11) DEFAULT NULL auto_increment PRIMARY KEY, `args` text, `worker_name` varchar(255), `worker_method` varchar(255), `job_key` varchar(255), `taken` int, `finished` int, `timeout` int, `priority` int, `submitted_at` datetime, `started_at` datetime, `finished_at` datetime, `archived_at` datetime, `tag` varchar(255), `submitter_info` varchar(255), `runner_info` varchar(255), `worker_key` varchar(255), `scheduled_at` datetime) ENGINE=InnoDB[0m
  [4;36;1mSQL (0.0ms)[0m   [0;1mSET NAMES 'utf8'[0m
  [4;35;1mSQL (0.0ms)[0m   [0mSET SQL_AUTO_IS_NULL=0[0m


Processing Rails::InfoController#properties (for 192.168.1.136 at 2010-03-12 22:13:02) [GET]
  [4;36;1mSQL (0.0ms)[0m   [0;1mSHOW TABLES[0m
  [4;35;1mSQL (0.0ms)[0m   [0mSELECT version FROM schema_migrations[0m
Completed in 109ms (View: 16, DB: 0) | 200 OK [http://192.168.1.206/rails/info/properties]
  [4;36;1mSQL (0.0ms)[0m   [0;1mSET NAMES 'utf8'[0m
  [4;35;1mSQL (0.0ms)[0m   [0mSET SQL_AUTO_IS_NULL=0[0m


Processing Rails::InfoController#properties (for 192.168.1.136 at 2010-03-13 07:53:46) [GET]
  [4;36;1mSQL (0.0ms)[0m   [0;1mSHOW TABLES[0m
  [4;35;1mSQL (0.0ms)[0m   [0mSELECT version FROM schema_migrations[0m
Completed in 94ms (View: 16, DB: 0) | 200 OK [http://diadema/rails/info/properties]
  [4;36;1mSQL (15.6ms)[0m   [0;1mSET NAMES 'utf8'[0m
  [4;35;1mSQL (0.0ms)[0m   [0mSET SQL_AUTO_IS_NULL=0[0m


Processing Rails::InfoController#properties (for 192.168.1.136 at 2010-03-13 09:44:11) [GET]
  [4;36;1mSQL (0.0ms)[0m   [0;1mSHOW TABLES[0m
  [4;35;1mSQL (15.6ms)[0m   [0mSELECT version FROM schema_migrations[0m
Completed in 78ms (View: 0, DB: 31) | 200 OK [http://192.168.1.206/rails/info/properties]
/!\ FAILSAFE /!\  Sat Mar 13 09:51:29 -0500 2010
  Status: 500 Internal Server Error
  uninitialized constant MysqlCompat::MysqlRes
    /usr/local/lib/ruby/gems/1.8/gems/activesupport-2.3.5/lib/active_support/dependencies.rb:440:in `load_missing_constant'
    /usr/local/lib/ruby/gems/1.8/gems/activesupport-2.3.5/lib/active_support/dependencies.rb:80:in `const_missing'
    /usr/local/lib/ruby/gems/1.8/gems/activerecord-2.3.5/lib/active_record/connection_adapters/mysql_adapter.rb:9:in `define_all_hashes_method!'
    /usr/local/lib/ruby/gems/1.8/gems/activerecord-2.3.5/lib/active_record/connection_adapters/mysql_adapter.rb:68:in `mysql_connection'
    /usr/local/lib/ruby/gems/1.8/gems/activerecord-2.3.5/lib/active_record/connection_adapters/abstract/connection_pool.rb:223:in `send'
    /usr/local/lib/ruby/gems/1.8/gems/activerecord-2.3.5/lib/active_record/connection_adapters/abstract/connection_pool.rb:223:in `new_connection'
    /usr/local/lib/ruby/gems/1.8/gems/activerecord-2.3.5/lib/active_record/connection_adapters/abstract/connection_pool.rb:245:in `checkout_new_connection'
    /usr/local/lib/ruby/gems/1.8/gems/activerecord-2.3.5/lib/active_record/connection_adapters/abstract/connection_pool.rb:188:in `checkout'
    /usr/local/lib/ruby/gems/1.8/gems/activerecord-2.3.5/lib/active_record/connection_adapters/abstract/connection_pool.rb:184:in `loop'
    /usr/local/lib/ruby/gems/1.8/gems/activerecord-2.3.5/lib/active_record/connection_adapters/abstract/connection_pool.rb:184:in `checkout'
    /usr/local/lib/ruby/1.8/monitor.rb:238:in `synchronize'
    /usr/local/lib/ruby/gems/1.8/gems/activerecord-2.3.5/lib/active_record/connection_adapters/abstract/connection_pool.rb:183:in `checkout'
    /usr/local/lib/ruby/gems/1.8/gems/activerecord-2.3.5/lib/active_record/connection_adapters/abstract/connection_pool.rb:98:in `connection'
    /usr/local/lib/ruby/gems/1.8/gems/activerecord-2.3.5/lib/active_record/connection_adapters/abstract/connection_pool.rb:326:in `retrieve_connection'
    /usr/local/lib/ruby/gems/1.8/gems/activerecord-2.3.5/lib/active_record/connection_adapters/abstract/connection_specification.rb:123:in `retrieve_connection'
    /usr/local/lib/ruby/gems/1.8/gems/activerecord-2.3.5/lib/active_record/connection_adapters/abstract/connection_specification.rb:115:in `connection'
    /usr/local/lib/ruby/gems/1.8/gems/activerecord-2.3.5/lib/active_record/query_cache.rb:9:in `cache'
    /usr/local/lib/ruby/gems/1.8/gems/activerecord-2.3.5/lib/active_record/query_cache.rb:28:in `call'
    /usr/local/lib/ruby/gems/1.8/gems/activerecord-2.3.5/lib/active_record/connection_adapters/abstract/connection_pool.rb:361:in `call'
    /usr/local/lib/ruby/gems/1.8/gems/actionpack-2.3.5/lib/action_controller/string_coercion.rb:25:in `call'
    /usr/local/lib/ruby/gems/1.8/gems/rack-1.0.1/lib/rack/head.rb:9:in `call'
    /usr/local/lib/ruby/gems/1.8/gems/rack-1.0.1/lib/rack/methodoverride.rb:24:in `call'
    /usr/local/lib/ruby/gems/1.8/gems/actionpack-2.3.5/lib/action_controller/params_parser.rb:15:in `call'
    /usr/local/lib/ruby/gems/1.8/gems/actionpack-2.3.5/lib/action_controller/session/cookie_store.rb:93:in `call'
    /usr/local/lib/ruby/gems/1.8/gems/actionpack-2.3.5/lib/action_controller/failsafe.rb:26:in `call'
    /usr/local/lib/ruby/gems/1.8/gems/rack-1.0.1/lib/rack/lock.rb:11:in `call'
    /usr/local/lib/ruby/gems/1.8/gems/rack-1.0.1/lib/rack/lock.rb:11:in `synchronize'
    /usr/local/lib/ruby/gems/1.8/gems/rack-1.0.1/lib/rack/lock.rb:11:in `call'
    /usr/local/lib/ruby/gems/1.8/gems/actionpack-2.3.5/lib/action_controller/dispatcher.rb:114:in `call'
    /usr/local/lib/ruby/gems/1.8/gems/actionpack-2.3.5/lib/action_controller/reloader.rb:34:in `run'
    /usr/local/lib/ruby/gems/1.8/gems/actionpack-2.3.5/lib/action_controller/dispatcher.rb:108:in `call'
    /usr/local/lib/ruby/gems/1.8/gems/rails-2.3.5/lib/rails/rack/static.rb:31:in `call'
    /usr/local/lib/ruby/gems/1.8/gems/rack-1.0.1/lib/rack/urlmap.rb:46:in `call'
    /usr/local/lib/ruby/gems/1.8/gems/rack-1.0.1/lib/rack/urlmap.rb:40:in `each'
    /usr/local/lib/ruby/gems/1.8/gems/rack-1.0.1/lib/rack/urlmap.rb:40:in `call'
    /usr/local/lib/ruby/gems/1.8/gems/rails-2.3.5/lib/rails/rack/log_tailer.rb:17:in `call'
    /usr/local/lib/ruby/gems/1.8/gems/rack-1.0.1/lib/rack/content_length.rb:13:in `call'
    /usr/local/lib/ruby/gems/1.8/gems/rack-1.0.1/lib/rack/chunked.rb:15:in `call'
    /usr/local/lib/ruby/gems/1.8/gems/rack-1.0.1/lib/rack/handler/mongrel.rb:64:in `process'
    /usr/local/lib/ruby/gems/1.8/gems/mongrel-1.1.5/lib/mongrel.rb:159:in `process_client'
    /usr/local/lib/ruby/gems/1.8/gems/mongrel-1.1.5/lib/mongrel.rb:158:in `each'
    /usr/local/lib/ruby/gems/1.8/gems/mongrel-1.1.5/lib/mongrel.rb:158:in `process_client'
    /usr/local/lib/ruby/gems/1.8/gems/mongrel-1.1.5/lib/mongrel.rb:285:in `run'
    /usr/local/lib/ruby/gems/1.8/gems/mongrel-1.1.5/lib/mongrel.rb:285:in `initialize'
    /usr/local/lib/ruby/gems/1.8/gems/mongrel-1.1.5/lib/mongrel.rb:285:in `new'
    /usr/local/lib/ruby/gems/1.8/gems/mongrel-1.1.5/lib/mongrel.rb:285:in `run'
    /usr/local/lib/ruby/gems/1.8/gems/mongrel-1.1.5/lib/mongrel.rb:268:in `initialize'
    /usr/local/lib/ruby/gems/1.8/gems/mongrel-1.1.5/lib/mongrel.rb:268:in `new'
    /usr/local/lib/ruby/gems/1.8/gems/mongrel-1.1.5/lib/mongrel.rb:268:in `run'
    /usr/local/lib/ruby/gems/1.8/gems/rack-1.0.1/lib/rack/handler/mongrel.rb:34:in `run'
    /usr/local/lib/ruby/gems/1.8/gems/rails-2.3.5/lib/commands/server.rb:111
    /usr/local/lib/ruby/site_ruby/1.8/rubygems/custom_require.rb:31:in `gem_original_require'
    /usr/local/lib/ruby/site_ruby/1.8/rubygems/custom_require.rb:31:in `require'
    script/server:3
/!\ FAILSAFE /!\  Sat Mar 13 09:51:29 -0500 2010
  Status: 500 Internal Server Error
  uninitialized constant MysqlCompat::MysqlRes
    /usr/local/lib/ruby/gems/1.8/gems/activesupport-2.3.5/lib/active_support/dependencies.rb:440:in `load_missing_constant'
    /usr/local/lib/ruby/gems/1.8/gems/activesupport-2.3.5/lib/active_support/dependencies.rb:80:in `const_missing'
    /usr/local/lib/ruby/gems/1.8/gems/activerecord-2.3.5/lib/active_record/connection_adapters/mysql_adapter.rb:9:in `define_all_hashes_method!'
    /usr/local/lib/ruby/gems/1.8/gems/activerecord-2.3.5/lib/active_record/connection_adapters/mysql_adapter.rb:68:in `mysql_connection'
    /usr/local/lib/ruby/gems/1.8/gems/activerecord-2.3.5/lib/active_record/connection_adapters/abstract/connection_pool.rb:223:in `send'
    /usr/local/lib/ruby/gems/1.8/gems/activerecord-2.3.5/lib/active_record/connection_adapters/abstract/connection_pool.rb:223:in `new_connection'
    /usr/local/lib/ruby/gems/1.8/gems/activerecord-2.3.5/lib/active_record/connection_adapters/abstract/connection_pool.rb:245:in `checkout_new_connection'
    /usr/local/lib/ruby/gems/1.8/gems/activerecord-2.3.5/lib/active_record/connection_adapters/abstract/connection_pool.rb:188:in `checkout'
    /usr/local/lib/ruby/gems/1.8/gems/activerecord-2.3.5/lib/active_record/connection_adapters/abstract/connection_pool.rb:184:in `loop'
    /usr/local/lib/ruby/gems/1.8/gems/activerecord-2.3.5/lib/active_record/connection_adapters/abstract/connection_pool.rb:184:in `checkout'
    /usr/local/lib/ruby/1.8/monitor.rb:238:in `synchronize'
    /usr/local/lib/ruby/gems/1.8/gems/activerecord-2.3.5/lib/active_record/connection_adapters/abstract/connection_pool.rb:183:in `checkout'
    /usr/local/lib/ruby/gems/1.8/gems/activerecord-2.3.5/lib/active_record/connection_adapters/abstract/connection_pool.rb:98:in `connection'
    /usr/local/lib/ruby/gems/1.8/gems/activerecord-2.3.5/lib/active_record/connection_adapters/abstract/connection_pool.rb:326:in `retrieve_connection'
    /usr/local/lib/ruby/gems/1.8/gems/activerecord-2.3.5/lib/active_record/connection_adapters/abstract/connection_specification.rb:123:in `retrieve_connection'
    /usr/local/lib/ruby/gems/1.8/gems/activerecord-2.3.5/lib/active_record/connection_adapters/abstract/connection_specification.rb:115:in `connection'
    /usr/local/lib/ruby/gems/1.8/gems/activerecord-2.3.5/lib/active_record/query_cache.rb:9:in `cache'
    /usr/local/lib/ruby/gems/1.8/gems/activerecord-2.3.5/lib/active_record/query_cache.rb:28:in `call'
    /usr/local/lib/ruby/gems/1.8/gems/activerecord-2.3.5/lib/active_record/connection_adapters/abstract/connection_pool.rb:361:in `call'
    /usr/local/lib/ruby/gems/1.8/gems/actionpack-2.3.5/lib/action_controller/string_coercion.rb:25:in `call'
    /usr/local/lib/ruby/gems/1.8/gems/rack-1.0.1/lib/rack/head.rb:9:in `call'
    /usr/local/lib/ruby/gems/1.8/gems/rack-1.0.1/lib/rack/methodoverride.rb:24:in `call'
    /usr/local/lib/ruby/gems/1.8/gems/actionpack-2.3.5/lib/action_controller/params_parser.rb:15:in `call'
    /usr/local/lib/ruby/gems/1.8/gems/actionpack-2.3.5/lib/action_controller/session/cookie_store.rb:93:in `call'
    /usr/local/lib/ruby/gems/1.8/gems/actionpack-2.3.5/lib/action_controller/failsafe.rb:26:in `call'
    /usr/local/lib/ruby/gems/1.8/gems/rack-1.0.1/lib/rack/lock.rb:11:in `call'
    /usr/local/lib/ruby/gems/1.8/gems/rack-1.0.1/lib/rack/lock.rb:11:in `synchronize'
    /usr/local/lib/ruby/gems/1.8/gems/rack-1.0.1/lib/rack/lock.rb:11:in `call'
    /usr/local/lib/ruby/gems/1.8/gems/actionpack-2.3.5/lib/action_controller/dispatcher.rb:114:in `call'
    /usr/local/lib/ruby/gems/1.8/gems/actionpack-2.3.5/lib/action_controller/reloader.rb:34:in `run'
    /usr/local/lib/ruby/gems/1.8/gems/actionpack-2.3.5/lib/action_controller/dispatcher.rb:108:in `call'
    /usr/local/lib/ruby/gems/1.8/gems/rails-2.3.5/lib/rails/rack/static.rb:31:in `call'
    /usr/local/lib/ruby/gems/1.8/gems/rack-1.0.1/lib/rack/urlmap.rb:46:in `call'
    /usr/local/lib/ruby/gems/1.8/gems/rack-1.0.1/lib/rack/urlmap.rb:40:in `each'
    /usr/local/lib/ruby/gems/1.8/gems/rack-1.0.1/lib/rack/urlmap.rb:40:in `call'
    /usr/local/lib/ruby/gems/1.8/gems/rails-2.3.5/lib/rails/rack/log_tailer.rb:17:in `call'
    /usr/local/lib/ruby/gems/1.8/gems/rack-1.0.1/lib/rack/content_length.rb:13:in `call'
    /usr/local/lib/ruby/gems/1.8/gems/rack-1.0.1/lib/rack/chunked.rb:15:in `call'
    /usr/local/lib/ruby/gems/1.8/gems/rack-1.0.1/lib/rack/handler/mongrel.rb:64:in `process'
    /usr/local/lib/ruby/gems/1.8/gems/mongrel-1.1.5/lib/mongrel.rb:159:in `process_client'
    /usr/local/lib/ruby/gems/1.8/gems/mongrel-1.1.5/lib/mongrel.rb:158:in `each'
    /usr/local/lib/ruby/gems/1.8/gems/mongrel-1.1.5/lib/mongrel.rb:158:in `process_client'
    /usr/local/lib/ruby/gems/1.8/gems/mongrel-1.1.5/lib/mongrel.rb:285:in `run'
    /usr/local/lib/ruby/gems/1.8/gems/mongrel-1.1.5/lib/mongrel.rb:285:in `initialize'
    /usr/local/lib/ruby/gems/1.8/gems/mongrel-1.1.5/lib/mongrel.rb:285:in `new'
    /usr/local/lib/ruby/gems/1.8/gems/mongrel-1.1.5/lib/mongrel.rb:285:in `run'
    /usr/local/lib/ruby/gems/1.8/gems/mongrel-1.1.5/lib/mongrel.rb:268:in `initialize'
    /usr/local/lib/ruby/gems/1.8/gems/mongrel-1.1.5/lib/mongrel.rb:268:in `new'
    /usr/local/lib/ruby/gems/1.8/gems/mongrel-1.1.5/lib/mongrel.rb:268:in `run'
    /usr/local/lib/ruby/gems/1.8/gems/rack-1.0.1/lib/rack/handler/mongrel.rb:34:in `run'
    /usr/local/lib/ruby/gems/1.8/gems/rails-2.3.5/lib/commands/server.rb:111
    /usr/local/lib/ruby/site_ruby/1.8/rubygems/custom_require.rb:31:in `gem_original_require'
    /usr/local/lib/ruby/site_ruby/1.8/rubygems/custom_require.rb:31:in `require'
    script/server:3
  [4;36;1mSQL (46.9ms)[0m   [0;1mSET NAMES 'utf8'[0m
  [4;35;1mSQL (0.0ms)[0m   [0mSET SQL_AUTO_IS_NULL=0[0m
  [4;36;1mSQL (31.2ms)[0m   [0;1mSHOW TABLES[0m
  [4;35;1mSQL (46.9ms)[0m   [0mSELECT version FROM schema_migrations[0m
Migrating to CreateBackgroundrbQueueTable (20100313030457)
  [4;36;1mSQL (0.0ms)[0m   [0;1mMysql::Error: Table 'bdrb_job_queues' already exists: CREATE TABLE `bdrb_job_queues` (`id` int(11) DEFAULT NULL auto_increment PRIMARY KEY, `args` text, `worker_name` varchar(255), `worker_method` varchar(255), `job_key` varchar(255), `taken` int, `finished` int, `timeout` int, `priority` int, `submitted_at` datetime, `started_at` datetime, `finished_at` datetime, `archived_at` datetime, `tag` varchar(255), `submitter_info` varchar(255), `runner_info` varchar(255), `worker_key` varchar(255), `scheduled_at` datetime) ENGINE=InnoDB[0m
  [4;36;1mSQL (0.0ms)[0m   [0;1mSET NAMES 'utf8'[0m
  [4;35;1mSQL (0.0ms)[0m   [0mSET SQL_AUTO_IS_NULL=0[0m
  [4;36;1mSQL (0.0ms)[0m   [0;1mSHOW TABLES[0m
  [4;35;1mSQL (0.0ms)[0m   [0mSELECT version FROM schema_migrations[0m
Migrating to CreateBackgroundrbQueueTable (20100313030457)
  [4;36;1mSQL (15.6ms)[0m   [0;1mCREATE TABLE `bdrb_job_queues` (`id` int(11) DEFAULT NULL auto_increment PRIMARY KEY, `args` text, `worker_name` varchar(255), `worker_method` varchar(255), `job_key` varchar(255), `taken` int, `finished` int, `timeout` int, `priority` int, `submitted_at` datetime, `started_at` datetime, `finished_at` datetime, `archived_at` datetime, `tag` varchar(255), `submitter_info` varchar(255), `runner_info` varchar(255), `worker_key` varchar(255), `scheduled_at` datetime) ENGINE=InnoDB[0m
  [4;35;1mSQL (15.6ms)[0m   [0mINSERT INTO schema_migrations (version) VALUES ('20100313030457')[0m
Migrating to CreateTemperatures (20100313160642)
  [4;36;1mSQL (0.0ms)[0m   [0;1mCREATE TABLE `temperatures` (`id` int(11) DEFAULT NULL auto_increment PRIMARY KEY, `value` float, `created_at` datetime, `updated_at` datetime) ENGINE=InnoDB[0m
  [4;35;1mSQL (0.0ms)[0m   [0mINSERT INTO schema_migrations (version) VALUES ('20100313160642')[0m
  [4;36;1mSQL (0.0ms)[0m   [0;1mSHOW TABLES[0m
  [4;35;1mSQL (0.0ms)[0m   [0mSELECT version FROM schema_migrations[0m
  [4;36;1mSQL (0.0ms)[0m   [0;1mSHOW TABLES[0m
  [4;35;1mSQL (15.6ms)[0m   [0mSHOW FIELDS FROM `bdrb_job_queues`[0m
  [4;36;1mSQL (0.0ms)[0m   [0;1mdescribe `bdrb_job_queues`[0m
  [4;35;1mSQL (15.6ms)[0m   [0mSHOW KEYS FROM `bdrb_job_queues`[0m
  [4;36;1mSQL (0.0ms)[0m   [0;1mSHOW FIELDS FROM `temperatures`[0m
  [4;35;1mSQL (0.0ms)[0m   [0mdescribe `temperatures`[0m
  [4;36;1mSQL (15.6ms)[0m   [0;1mSHOW KEYS FROM `temperatures`[0m
  [4;36;1mSQL (0.0ms)[0m   [0;1mSET NAMES 'utf8'[0m
  [4;35;1mSQL (0.0ms)[0m   [0mSET SQL_AUTO_IS_NULL=0[0m
  [4;36;1mTemperature Columns (15.6ms)[0m   [0;1mSHOW FIELDS FROM `temperatures`[0m
  [4;35;1mSQL (0.0ms)[0m   [0mBEGIN[0m
  [4;36;1mTemperature Create (15.6ms)[0m   [0;1mINSERT INTO `temperatures` (`updated_at`, `value`, `created_at`) VALUES('2010-03-13 16:17:32', 70.0, '2010-03-13 16:17:32')[0m
  [4;35;1mSQL (0.0ms)[0m   [0mCOMMIT[0m
  [4;36;1mTemperature Load (0.0ms)[0m   [0;1mSELECT * FROM `temperatures` LIMIT 1[0m
  [4;36;1mSQL (0.0ms)[0m   [0;1mSET NAMES 'utf8'[0m
  [4;35;1mSQL (0.0ms)[0m   [0mSET SQL_AUTO_IS_NULL=0[0m
  [4;36;1mTemperature Columns (15.6ms)[0m   [0;1mSHOW FIELDS FROM `temperatures`[0m
  [4;36;1mSQL (0.0ms)[0m   [0;1mSET NAMES 'utf8'[0m
  [4;35;1mSQL (0.0ms)[0m   [0mSET SQL_AUTO_IS_NULL=0[0m
  [4;36;1mTemperature Columns (15.6ms)[0m   [0;1mSHOW FIELDS FROM `temperatures`[0m
  [4;35;1mSQL (0.0ms)[0m   [0mBEGIN[0m
  [4;36;1mTemperature Create (0.0ms)[0m   [0;1mINSERT INTO `temperatures` (`updated_at`, `value`, `created_at`) VALUES('2010-03-14 01:12:45', 71.5, '2010-03-14 01:12:45')[0m
  [4;35;1mSQL (15.6ms)[0m   [0mCOMMIT[0m
  [4;36;1mSQL (0.0ms)[0m   [0;1mSET NAMES 'utf8'[0m
  [4;35;1mSQL (0.0ms)[0m   [0mSET SQL_AUTO_IS_NULL=0[0m
  [4;36;1mTemperature Columns (0.0ms)[0m   [0;1mSHOW FIELDS FROM `temperatures`[0m
  [4;35;1mSQL (0.0ms)[0m   [0mBEGIN[0m
  [4;36;1mTemperature Create (0.0ms)[0m   [0;1mINSERT INTO `temperatures` (`updated_at`, `value`, `created_at`) VALUES('2010-03-14 01:17:59', 71.3, '2010-03-14 01:17:59')[0m
  [4;35;1mSQL (0.0ms)[0m   [0mCOMMIT[0m
  [4;36;1mSQL (0.0ms)[0m   [0;1mSET NAMES 'utf8'[0m
  [4;35;1mSQL (0.0ms)[0m   [0mSET SQL_AUTO_IS_NULL=0[0m
  [4;36;1mTemperature Columns (15.6ms)[0m   [0;1mSHOW FIELDS FROM `temperatures`[0m
  [4;35;1mSQL (0.0ms)[0m   [0mBEGIN[0m
  [4;36;1mTemperature Create (0.0ms)[0m   [0;1mINSERT INTO `temperatures` (`updated_at`, `value`, `created_at`) VALUES('2010-03-14 01:24:16', 71.4, '2010-03-14 01:24:16')[0m
  [4;35;1mSQL (0.0ms)[0m   [0mCOMMIT[0m
  [4;36;1mSQL (0.0ms)[0m   [0;1mSET NAMES 'utf8'[0m
  [4;35;1mSQL (0.0ms)[0m   [0mSET SQL_AUTO_IS_NULL=0[0m
  [4;36;1mTemperature Columns (15.6ms)[0m   [0;1mSHOW FIELDS FROM `temperatures`[0m
  [4;35;1mSQL (0.0ms)[0m   [0mBEGIN[0m
  [4;36;1mTemperature Create (0.0ms)[0m   [0;1mINSERT INTO `temperatures` (`updated_at`, `value`, `created_at`) VALUES('2010-03-14 01:26:40', 71.3, '2010-03-14 01:26:40')[0m
  [4;35;1mSQL (0.0ms)[0m   [0mCOMMIT[0m
  [4;36;1mSQL (265.6ms)[0m   [0;1mSET NAMES 'utf8'[0m
  [4;35;1mSQL (109.4ms)[0m   [0mSET SQL_AUTO_IS_NULL=0[0m
  [4;36;1mTemperature Load (781.2ms)[0m   [0;1mSELECT * FROM `temperatures` ORDER BY temperatures.id DESC LIMIT 1[0m
  [4;35;1mTemperature Columns (296.9ms)[0m   [0mSHOW FIELDS FROM `temperatures`[0m
